build/app/intermediates/manifest_merge_blame_file/release/manifest-merger-blame-release-report.txt
1<?xml version="1.0" encoding="utf-8"?>
2<manifest xmlns:android="http://schemas.android.com/apk/res/android"
3    package="com.example.social_app"
4    android:versionCode="1"
5    android:versionName="1.0.0" >
6
7    <uses-sdk
8        android:minSdkVersion="16"
8-->src\main\AndroidManifest.xml
9        android:targetSdkVersion="30" />
9-->src\main\AndroidManifest.xml
10
11    <uses-permission android:name="android.permission.VIBRATE" />
11-->src\main\AndroidManifest.xml:3:5-65
11-->src\main\AndroidManifest.xml:3:22-63
12    <uses-permission android:name="android.permission.RECEIVE_BOOT_COMPLETED" />
12-->src\main\AndroidManifest.xml:4:5-80
12-->src\main\AndroidManifest.xml:4:22-78
13    <uses-permission android:name="android.permission.INTERNET" />
13-->[:firebase_messaging] AndroidManifest.xml:7:5-67
13-->[:firebase_messaging] AndroidManifest.xml:7:22-64
14    <uses-permission android:name="android.permission.WAKE_LOCK" />
14-->[:firebase_messaging] AndroidManifest.xml:8:5-68
14-->[:firebase_messaging] AndroidManifest.xml:8:22-65
15    <uses-permission android:name="android.permission.ACCESS_NETWORK_STATE" />
15-->[:firebase_messaging] AndroidManifest.xml:9:5-79
15-->[:firebase_messaging] AndroidManifest.xml:9:22-76
16    <uses-permission android:name="android.permission.READ_EXTERNAL_STORAGE" />
16-->[:image_picker] AndroidManifest.xml:7:5-80
16-->[:image_picker] AndroidManifest.xml:7:22-77
17    <uses-permission android:name="android.permission.WRITE_EXTERNAL_STORAGE" />
17-->[:image_picker] AndroidManifest.xml:8:5-81
17-->[:image_picker] AndroidManifest.xml:8:22-78
18
19    <queries>
19-->[:file_picker] AndroidManifest.xml:9:5-15:15
20        <intent>
20-->[:file_picker] AndroidManifest.xml:10:9-14:18
21            <action android:name="android.intent.action.GET_CONTENT" />
21-->[:file_picker] AndroidManifest.xml:11:13-72
21-->[:file_picker] AndroidManifest.xml:11:21-69
22
23            <data android:mimeType="*/*" />
23-->[:file_picker] AndroidManifest.xml:13:13-44
23-->[:file_picker] AndroidManifest.xml:13:19-41
24        </intent>
25    </queries> <!-- Samsung Badge -->
26    <uses-permission android:name="com.sec.android.provider.badge.permission.READ" />
26-->[:awesome_notifications] AndroidManifest.xml:8:5-86
26-->[:awesome_notifications] AndroidManifest.xml:8:22-83
27    <uses-permission android:name="com.sec.android.provider.badge.permission.WRITE" /> <!-- Sony Badge -->
27-->[:awesome_notifications] AndroidManifest.xml:9:5-87
27-->[:awesome_notifications] AndroidManifest.xml:9:22-84
28    <uses-permission android:name="com.sonyericsson.home.permission.BROADCAST_BADGE" /> <!-- HTC Badge -->
28-->[:awesome_notifications] AndroidManifest.xml:12:5-88
28-->[:awesome_notifications] AndroidManifest.xml:12:22-85
29    <uses-permission android:name="com.htc.launcher.permission.READ_SETTINGS" />
29-->[:awesome_notifications] AndroidManifest.xml:15:5-81
29-->[:awesome_notifications] AndroidManifest.xml:15:22-78
30    <uses-permission android:name="com.htc.launcher.permission.UPDATE_SHORTCUT" /> <!-- Required by older versions of Google Play services to create IID tokens -->
30-->[:awesome_notifications] AndroidManifest.xml:16:5-83
30-->[:awesome_notifications] AndroidManifest.xml:16:22-80
31    <uses-permission android:name="com.google.android.c2dm.permission.RECEIVE" />
31-->[com.google.firebase:firebase-messaging:22.0.0] AndroidManifest.xml:25:5-82
31-->[com.google.firebase:firebase-messaging:22.0.0] AndroidManifest.xml:25:22-79
32
33    <application
33-->src\main\AndroidManifest.xml:5:4-47:19
34        android:name="androidx.multidex.MultiDexApplication"
35        android:appComponentFactory="androidx.core.app.CoreComponentFactory"
35-->[androidx.core:core:1.3.1] AndroidManifest.xml:24:18-86
36        android:icon="@mipmap/ic_launcher"
36-->src\main\AndroidManifest.xml:7:9-43
37        android:label="YSIAM" >
37-->src\main\AndroidManifest.xml:6:9-30
38        <activity
38-->src\main\AndroidManifest.xml:8:9-41:20
39            android:name="com.example.social_app.MainActivity"
39-->src\main\AndroidManifest.xml:9:13-41
40            android:configChanges="orientation|keyboardHidden|keyboard|screenSize|smallestScreenSize|locale|layoutDirection|fontScale|screenLayout|density|uiMode"
40-->src\main\AndroidManifest.xml:12:13-163
41            android:hardwareAccelerated="true"
41-->src\main\AndroidManifest.xml:13:13-47
42            android:launchMode="singleTop"
42-->src\main\AndroidManifest.xml:10:13-43
43            android:theme="@style/LaunchTheme"
43-->src\main\AndroidManifest.xml:11:13-47
44            android:windowSoftInputMode="adjustResize" >
44-->src\main\AndroidManifest.xml:14:13-55
45
46            <!--
47                 Specifies an Android theme to apply to this Activity as soon as
48                 the Android process has started. This theme is visible to the user
49                 while the Flutter UI initializes. After that, this theme continues
50                 to determine the Window background behind the Flutter UI.
51            -->
52            <meta-data
52-->src\main\AndroidManifest.xml:19:13-22:17
53                android:name="io.flutter.embedding.android.NormalTheme"
53-->src\main\AndroidManifest.xml:20:15-70
54                android:resource="@style/NormalTheme" />
54-->src\main\AndroidManifest.xml:21:15-52
55            <!--
56                 Displays an Android View that continues showing the launch screen
57                 Drawable until Flutter paints its first frame, then this splash
58                 screen fades out. A splash screen is useful to avoid any visual
59                 gap between the end of Android's launch screen and the painting of
60                 Flutter's first frame.
61            -->
62            <meta-data
62-->src\main\AndroidManifest.xml:28:13-31:17
63                android:name="io.flutter.embedding.android.SplashScreenDrawable"
63-->src\main\AndroidManifest.xml:29:15-79
64                android:resource="@drawable/launch_background" />
64-->src\main\AndroidManifest.xml:30:15-61
65
66            <intent-filter>
66-->src\main\AndroidManifest.xml:32:13-35:29
67                <action android:name="android.intent.action.MAIN" />
67-->src\main\AndroidManifest.xml:33:17-68
67-->src\main\AndroidManifest.xml:33:25-66
68
69                <category android:name="android.intent.category.LAUNCHER" />
69-->src\main\AndroidManifest.xml:34:17-76
69-->src\main\AndroidManifest.xml:34:27-74
70            </intent-filter>
71            <intent-filter>
71-->src\main\AndroidManifest.xml:37:13-40:29
72                <action android:name="FLUTTER_NOTIFICATION_CLICK" />
72-->src\main\AndroidManifest.xml:38:17-68
72-->src\main\AndroidManifest.xml:38:25-66
73
74                <category android:name="android.intent.category.DEFAULT" />
74-->src\main\AndroidManifest.xml:39:17-75
74-->src\main\AndroidManifest.xml:39:27-73
75            </intent-filter>
76        </activity>
77        <!--
78             Don't delete the meta-data below.
79             This is used by the Flutter tool to generate GeneratedPluginRegistrant.java
80        -->
81        <meta-data
81-->src\main\AndroidManifest.xml:44:9-46:33
82            android:name="flutterEmbedding"
82-->src\main\AndroidManifest.xml:45:13-44
83            android:value="2" />
83-->src\main\AndroidManifest.xml:46:13-30
84
85        <service
85-->[:cloud_firestore] AndroidManifest.xml:8:9-12:19
86            android:name="com.google.firebase.components.ComponentDiscoveryService"
86-->[:cloud_firestore] AndroidManifest.xml:8:18-89
87            android:directBootAware="true"
87-->[com.google.firebase:firebase-common:20.0.0] AndroidManifest.xml:35:13-43
88            android:exported="false" >
88-->[com.google.firebase:firebase-messaging:22.0.0] AndroidManifest.xml:51:13-37
89            <meta-data
89-->[:cloud_firestore] AndroidManifest.xml:9:13-11:85
90                android:name="com.google.firebase.components:io.flutter.plugins.firebase.firestore.FlutterFirebaseFirestoreRegistrar"
90-->[:cloud_firestore] AndroidManifest.xml:10:17-134
91                android:value="com.google.firebase.components.ComponentRegistrar" />
91-->[:cloud_firestore] AndroidManifest.xml:11:17-82
92            <meta-data
92-->[:firebase_auth] AndroidManifest.xml:9:13-11:85
93                android:name="com.google.firebase.components:io.flutter.plugins.firebase.auth.FlutterFirebaseAuthRegistrar"
93-->[:firebase_auth] AndroidManifest.xml:10:17-124
94                android:value="com.google.firebase.components.ComponentRegistrar" />
94-->[:firebase_auth] AndroidManifest.xml:11:17-82
95            <meta-data
95-->[:firebase_storage] AndroidManifest.xml:9:13-11:85
96                android:name="com.google.firebase.components:io.flutter.plugins.firebase.storage.FlutterFirebaseAppRegistrar"
96-->[:firebase_storage] AndroidManifest.xml:10:17-126
97                android:value="com.google.firebase.components.ComponentRegistrar" />
97-->[:firebase_storage] AndroidManifest.xml:11:17-82
98            <meta-data
98-->[:firebase_messaging] AndroidManifest.xml:34:13-36:85
99                android:name="com.google.firebase.components:io.flutter.plugins.firebase.messaging.FlutterFirebaseAppRegistrar"
99-->[:firebase_messaging] AndroidManifest.xml:35:17-128
100                android:value="com.google.firebase.components.ComponentRegistrar" />
100-->[:firebase_messaging] AndroidManifest.xml:36:17-82
101            <meta-data
101-->[:firebase_core] AndroidManifest.xml:9:13-11:85
102                android:name="com.google.firebase.components:io.flutter.plugins.firebase.core.FlutterFirebaseCoreRegistrar"
102-->[:firebase_core] AndroidManifest.xml:10:17-124
103                android:value="com.google.firebase.components.ComponentRegistrar" />
103-->[:firebase_core] AndroidManifest.xml:11:17-82
104            <meta-data
104-->[com.google.firebase:firebase-messaging:22.0.0] AndroidManifest.xml:52:13-54:85
105                android:name="com.google.firebase.components:com.google.firebase.messaging.FirebaseMessagingRegistrar"
105-->[com.google.firebase:firebase-messaging:22.0.0] AndroidManifest.xml:53:17-119
106                android:value="com.google.firebase.components.ComponentRegistrar" />
106-->[com.google.firebase:firebase-messaging:22.0.0] AndroidManifest.xml:54:17-82
107            <meta-data
107-->[com.google.firebase:firebase-auth:21.0.1] AndroidManifest.xml:77:13-79:85
108                android:name="com.google.firebase.components:com.google.firebase.auth.FirebaseAuthRegistrar"
108-->[com.google.firebase:firebase-auth:21.0.1] AndroidManifest.xml:78:17-109
109                android:value="com.google.firebase.components.ComponentRegistrar" />
109-->[com.google.firebase:firebase-auth:21.0.1] AndroidManifest.xml:79:17-82
110            <meta-data
110-->[com.google.firebase:firebase-firestore:23.0.1] AndroidManifest.xml:20:13-22:85
111                android:name="com.google.firebase.components:com.google.firebase.firestore.FirestoreRegistrar"
111-->[com.google.firebase:firebase-firestore:23.0.1] AndroidManifest.xml:21:17-111
112                android:value="com.google.firebase.components.ComponentRegistrar" />
112-->[com.google.firebase:firebase-firestore:23.0.1] AndroidManifest.xml:22:17-82
113            <meta-data
113-->[com.google.firebase:firebase-storage:20.0.0] AndroidManifest.xml:33:13-35:85
114                android:name="com.google.firebase.components:com.google.firebase.storage.StorageRegistrar"
114-->[com.google.firebase:firebase-storage:20.0.0] AndroidManifest.xml:34:17-107
115                android:value="com.google.firebase.components.ComponentRegistrar" />
115-->[com.google.firebase:firebase-storage:20.0.0] AndroidManifest.xml:35:17-82
116            <meta-data
116-->[com.google.firebase:firebase-datatransport:18.0.0] AndroidManifest.xml:28:13-30:85
117                android:name="com.google.firebase.components:com.google.firebase.datatransport.TransportRegistrar"
117-->[com.google.firebase:firebase-datatransport:18.0.0] AndroidManifest.xml:29:17-115
118                android:value="com.google.firebase.components.ComponentRegistrar" />
118-->[com.google.firebase:firebase-datatransport:18.0.0] AndroidManifest.xml:30:17-82
119            <meta-data
119-->[com.google.firebase:firebase-installations:17.0.0] AndroidManifest.xml:18:13-20:85
120                android:name="com.google.firebase.components:com.google.firebase.installations.FirebaseInstallationsRegistrar"
120-->[com.google.firebase:firebase-installations:17.0.0] AndroidManifest.xml:19:17-127
121                android:value="com.google.firebase.components.ComponentRegistrar" />
121-->[com.google.firebase:firebase-installations:17.0.0] AndroidManifest.xml:20:17-82
122        </service>
123        <service
123-->[:firebase_messaging] AndroidManifest.xml:12:9-15:72
124            android:name="io.flutter.plugins.firebase.messaging.FlutterFirebaseMessagingBackgroundService"
124-->[:firebase_messaging] AndroidManifest.xml:13:13-107
125            android:exported="false"
125-->[:firebase_messaging] AndroidManifest.xml:14:13-37
126            android:permission="android.permission.BIND_JOB_SERVICE" />
126-->[:firebase_messaging] AndroidManifest.xml:15:13-69
127        <service
127-->[:firebase_messaging] AndroidManifest.xml:16:9-22:19
128            android:name="io.flutter.plugins.firebase.messaging.FlutterFirebaseMessagingService"
128-->[:firebase_messaging] AndroidManifest.xml:17:13-97
129            android:exported="false" >
129-->[:firebase_messaging] AndroidManifest.xml:18:13-37
130            <intent-filter>
130-->[:firebase_messaging] AndroidManifest.xml:19:13-21:29
131                <action android:name="com.google.firebase.MESSAGING_EVENT" />
131-->[:firebase_messaging] AndroidManifest.xml:20:17-78
131-->[:firebase_messaging] AndroidManifest.xml:20:25-75
132            </intent-filter>
133        </service>
134
135        <receiver
135-->[:firebase_messaging] AndroidManifest.xml:24:9-31:20
136            android:name="io.flutter.plugins.firebase.messaging.FlutterFirebaseMessagingReceiver"
136-->[:firebase_messaging] AndroidManifest.xml:25:13-98
137            android:exported="true"
137-->[:firebase_messaging] AndroidManifest.xml:26:13-36
138            android:permission="com.google.android.c2dm.permission.SEND" >
138-->[:firebase_messaging] AndroidManifest.xml:27:13-73
139            <intent-filter>
139-->[:firebase_messaging] AndroidManifest.xml:28:13-30:29
140                <action android:name="com.google.android.c2dm.intent.RECEIVE" />
140-->[:firebase_messaging] AndroidManifest.xml:29:17-81
140-->[:firebase_messaging] AndroidManifest.xml:29:25-78
141            </intent-filter>
142        </receiver>
143
144        <provider
144-->[:firebase_messaging] AndroidManifest.xml:39:9-43:38
145            android:name="io.flutter.plugins.firebase.messaging.FlutterFirebaseMessagingInitProvider"
145-->[:firebase_messaging] AndroidManifest.xml:40:13-102
146            android:authorities="com.example.social_app.flutterfirebasemessaginginitprovider"
146-->[:firebase_messaging] AndroidManifest.xml:41:13-88
147            android:exported="false"
147-->[:firebase_messaging] AndroidManifest.xml:42:13-37
148            android:initOrder="99" />
148-->[:firebase_messaging] AndroidManifest.xml:43:13-35
149        <provider
149-->[:image_picker] AndroidManifest.xml:11:9-19:20
150            android:name="io.flutter.plugins.imagepicker.ImagePickerFileProvider"
150-->[:image_picker] AndroidManifest.xml:12:13-82
151            android:authorities="com.example.social_app.flutter.image_provider"
151-->[:image_picker] AndroidManifest.xml:13:13-74
152            android:exported="false"
152-->[:image_picker] AndroidManifest.xml:14:13-37
153            android:grantUriPermissions="true" >
153-->[:image_picker] AndroidManifest.xml:15:13-47
154            <meta-data
154-->[:image_picker] AndroidManifest.xml:16:13-18:75
155                android:name="android.support.FILE_PROVIDER_PATHS"
155-->[:image_picker] AndroidManifest.xml:17:17-67
156                android:resource="@xml/flutter_image_picker_file_paths" />
156-->[:image_picker] AndroidManifest.xml:18:17-72
157        </provider>
158        <!--
159        <service
160            android:name=".services.firebase.FCMService"
161            android:exported="false">
162            <intent-filter>
163                <action android:name="com.google.firebase.MESSAGING_EVENT"/>
164            </intent-filter>
165        </service>
166
167        <service
168            android:name=".services.AutoCancelService"
169            android:stopWithTask="true" />
170
171        <meta-data android:name="firebase_messaging_auto_init_enabled" android:value="true" />
172
173        <meta-data
174            android:name="com.google.firebase.messaging.default_notification_channel_id"
175            android:value="me.carda.awesome_notifications.firebase.background_channel"/>
176        -->
177        <receiver android:name="me.carda.awesome_notifications.notifications.broadcastReceivers.DismissedNotificationReceiver" />
177-->[:awesome_notifications] AndroidManifest.xml:41:9-130
177-->[:awesome_notifications] AndroidManifest.xml:41:19-127
178        <receiver android:name="me.carda.awesome_notifications.notifications.broadcastReceivers.ScheduledNotificationReceiver" />
178-->[:awesome_notifications] AndroidManifest.xml:42:9-130
178-->[:awesome_notifications] AndroidManifest.xml:42:19-127
179        <receiver android:name="me.carda.awesome_notifications.notifications.broadcastReceivers.KeepOnTopActionReceiver" />
179-->[:awesome_notifications] AndroidManifest.xml:43:9-124
179-->[:awesome_notifications] AndroidManifest.xml:43:19-121
180        <receiver android:name="me.carda.awesome_notifications.notifications.broadcastReceivers.RefreshNotificationBootReceiver" >
180-->[:awesome_notifications] AndroidManifest.xml:44:9-54:20
180-->[:awesome_notifications] AndroidManifest.xml:44:19-129
181            <intent-filter>
181-->[:awesome_notifications] AndroidManifest.xml:45:13-53:29
182                <category android:name="android.intent.category.DEFAULT" />
182-->src\main\AndroidManifest.xml:39:17-75
182-->src\main\AndroidManifest.xml:39:27-73
183
184                <action android:name="android.intent.action.BOOT_COMPLETED" />
184-->[:awesome_notifications] AndroidManifest.xml:48:17-79
184-->[:awesome_notifications] AndroidManifest.xml:48:25-76
185                <action android:name="android.intent.action.LOCKED_BOOT_COMPLETED" />
185-->[:awesome_notifications] AndroidManifest.xml:49:17-86
185-->[:awesome_notifications] AndroidManifest.xml:49:25-83
186                <action android:name="android.intent.action.MY_PACKAGE_REPLACED" />
186-->[:awesome_notifications] AndroidManifest.xml:50:17-84
186-->[:awesome_notifications] AndroidManifest.xml:50:25-81
187                <action android:name="android.intent.action.QUICKBOOT_POWERON" />
187-->[:awesome_notifications] AndroidManifest.xml:51:17-82
187-->[:awesome_notifications] AndroidManifest.xml:51:25-79
188                <action android:name="com.htc.intent.action.QUICKBOOT_POWERON" />
188-->[:awesome_notifications] AndroidManifest.xml:52:17-82
188-->[:awesome_notifications] AndroidManifest.xml:52:25-79
189            </intent-filter>
190        </receiver>
191        <receiver android:name="androidx.media.session.MediaButtonReceiver" >
191-->[:awesome_notifications] AndroidManifest.xml:55:9-59:20
191-->[:awesome_notifications] AndroidManifest.xml:55:19-76
192            <intent-filter>
192-->[:awesome_notifications] AndroidManifest.xml:56:13-58:29
193                <action android:name="android.intent.action.MEDIA_BUTTON" />
193-->[:awesome_notifications] AndroidManifest.xml:57:17-77
193-->[:awesome_notifications] AndroidManifest.xml:57:25-74
194            </intent-filter>
195        </receiver>
196        <receiver
196-->[com.google.firebase:firebase-messaging:22.0.0] AndroidManifest.xml:28:9-35:20
197            android:name="com.google.firebase.iid.FirebaseInstanceIdReceiver"
197-->[com.google.firebase:firebase-messaging:22.0.0] AndroidManifest.xml:29:13-78
198            android:exported="true"
198-->[com.google.firebase:firebase-messaging:22.0.0] AndroidManifest.xml:30:13-36
199            android:permission="com.google.android.c2dm.permission.SEND" >
199-->[com.google.firebase:firebase-messaging:22.0.0] AndroidManifest.xml:31:13-73
200            <intent-filter>
200-->[:firebase_messaging] AndroidManifest.xml:28:13-30:29
201                <action android:name="com.google.android.c2dm.intent.RECEIVE" />
201-->[:firebase_messaging] AndroidManifest.xml:29:17-81
201-->[:firebase_messaging] AndroidManifest.xml:29:25-78
202            </intent-filter>
203        </receiver>
204        <!--
205             FirebaseMessagingService performs security checks at runtime,
206             but set to not exported to explicitly avoid allowing another app to call it.
207        -->
208        <service
208-->[com.google.firebase:firebase-messaging:22.0.0] AndroidManifest.xml:41:9-48:19
209            android:name="com.google.firebase.messaging.FirebaseMessagingService"
209-->[com.google.firebase:firebase-messaging:22.0.0] AndroidManifest.xml:42:13-82
210            android:directBootAware="true"
210-->[com.google.firebase:firebase-messaging:22.0.0] AndroidManifest.xml:43:13-43
211            android:exported="false" >
211-->[com.google.firebase:firebase-messaging:22.0.0] AndroidManifest.xml:44:13-37
212            <intent-filter android:priority="-500" >
212-->[:firebase_messaging] AndroidManifest.xml:19:13-21:29
213                <action android:name="com.google.firebase.MESSAGING_EVENT" />
213-->[:firebase_messaging] AndroidManifest.xml:20:17-78
213-->[:firebase_messaging] AndroidManifest.xml:20:25-75
214            </intent-filter>
215        </service>
216
217        <activity
217-->[com.google.firebase:firebase-auth:21.0.1] AndroidManifest.xml:27:9-44:20
218            android:name="com.google.firebase.auth.internal.GenericIdpActivity"
218-->[com.google.firebase:firebase-auth:21.0.1] AndroidManifest.xml:28:13-80
219            android:excludeFromRecents="true"
219-->[com.google.firebase:firebase-auth:21.0.1] AndroidManifest.xml:29:13-46
220            android:exported="true"
220-->[com.google.firebase:firebase-auth:21.0.1] AndroidManifest.xml:30:13-36
221            android:launchMode="singleTask"
221-->[com.google.firebase:firebase-auth:21.0.1] AndroidManifest.xml:31:13-44
222            android:theme="@android:style/Theme.Translucent.NoTitleBar" >
222-->[com.google.firebase:firebase-auth:21.0.1] AndroidManifest.xml:32:13-72
223            <intent-filter>
223-->[com.google.firebase:firebase-auth:21.0.1] AndroidManifest.xml:33:13-43:29
224                <action android:name="android.intent.action.VIEW" />
224-->[com.google.firebase:firebase-auth:21.0.1] AndroidManifest.xml:34:17-69
224-->[com.google.firebase:firebase-auth:21.0.1] AndroidManifest.xml:34:25-66
225
226                <category android:name="android.intent.category.DEFAULT" />
226-->src\main\AndroidManifest.xml:39:17-75
226-->src\main\AndroidManifest.xml:39:27-73
227                <category android:name="android.intent.category.BROWSABLE" />
227-->[com.google.firebase:firebase-auth:21.0.1] AndroidManifest.xml:37:17-78
227-->[com.google.firebase:firebase-auth:21.0.1] AndroidManifest.xml:37:27-75
228
229                <data
229-->[:file_picker] AndroidManifest.xml:13:13-44
230                    android:host="firebase.auth"
231                    android:path="/"
232                    android:scheme="genericidp" />
233            </intent-filter>
234        </activity>
235        <activity
235-->[com.google.firebase:firebase-auth:21.0.1] AndroidManifest.xml:45:9-62:20
236            android:name="com.google.firebase.auth.internal.RecaptchaActivity"
236-->[com.google.firebase:firebase-auth:21.0.1] AndroidManifest.xml:46:13-79
237            android:excludeFromRecents="true"
237-->[com.google.firebase:firebase-auth:21.0.1] AndroidManifest.xml:47:13-46
238            android:exported="true"
238-->[com.google.firebase:firebase-auth:21.0.1] AndroidManifest.xml:48:13-36
239            android:launchMode="singleTask"
239-->[com.google.firebase:firebase-auth:21.0.1] AndroidManifest.xml:49:13-44
240            android:theme="@android:style/Theme.Translucent.NoTitleBar" >
240-->[com.google.firebase:firebase-auth:21.0.1] AndroidManifest.xml:50:13-72
241            <intent-filter>
241-->[com.google.firebase:firebase-auth:21.0.1] AndroidManifest.xml:51:13-61:29
242                <action android:name="android.intent.action.VIEW" />
242-->[com.google.firebase:firebase-auth:21.0.1] AndroidManifest.xml:34:17-69
242-->[com.google.firebase:firebase-auth:21.0.1] AndroidManifest.xml:34:25-66
243
244                <category android:name="android.intent.category.DEFAULT" />
244-->src\main\AndroidManifest.xml:39:17-75
244-->src\main\AndroidManifest.xml:39:27-73
245                <category android:name="android.intent.category.BROWSABLE" />
245-->[com.google.firebase:firebase-auth:21.0.1] AndroidManifest.xml:37:17-78
245-->[com.google.firebase:firebase-auth:21.0.1] AndroidManifest.xml:37:27-75
246
247                <data
247-->[:file_picker] AndroidManifest.xml:13:13-44
248                    android:host="firebase.auth"
249                    android:path="/"
250                    android:scheme="recaptcha" />
251            </intent-filter>
252        </activity>
253
254        <service
254-->[com.google.firebase:firebase-auth:21.0.1] AndroidManifest.xml:64:9-73:19
255            android:name="com.google.firebase.auth.api.fallback.service.FirebaseAuthFallbackService"
255-->[com.google.firebase:firebase-auth:21.0.1] AndroidManifest.xml:65:13-101
256            android:enabled="true"
256-->[com.google.firebase:firebase-auth:21.0.1] AndroidManifest.xml:66:13-35
257            android:exported="false" >
257-->[com.google.firebase:firebase-auth:21.0.1] AndroidManifest.xml:67:13-37
258            <intent-filter>
258-->[com.google.firebase:firebase-auth:21.0.1] AndroidManifest.xml:68:13-72:29
259                <action android:name="com.google.firebase.auth.api.gms.service.START" />
259-->[com.google.firebase:firebase-auth:21.0.1] AndroidManifest.xml:69:17-89
259-->[com.google.firebase:firebase-auth:21.0.1] AndroidManifest.xml:69:25-86
260
261                <category android:name="android.intent.category.DEFAULT" />
261-->src\main\AndroidManifest.xml:39:17-75
261-->src\main\AndroidManifest.xml:39:27-73
262            </intent-filter>
263        </service>
264
265        <activity
265-->[com.google.android.gms:play-services-base:17.1.0] AndroidManifest.xml:23:9-26:75
266            android:name="com.google.android.gms.common.api.GoogleApiActivity"
266-->[com.google.android.gms:play-services-base:17.1.0] AndroidManifest.xml:24:13-79
267            android:exported="false"
267-->[com.google.android.gms:play-services-base:17.1.0] AndroidManifest.xml:25:13-37
268            android:theme="@android:style/Theme.Translucent.NoTitleBar" />
268-->[com.google.android.gms:play-services-base:17.1.0] AndroidManifest.xml:26:13-72
269
270        <provider
270-->[com.google.firebase:firebase-common:20.0.0] AndroidManifest.xml:26:9-31:39
271            android:name="com.google.firebase.provider.FirebaseInitProvider"
271-->[com.google.firebase:firebase-common:20.0.0] AndroidManifest.xml:27:13-77
272            android:authorities="com.example.social_app.firebaseinitprovider"
272-->[com.google.firebase:firebase-common:20.0.0] AndroidManifest.xml:28:13-72
273            android:directBootAware="true"
273-->[com.google.firebase:firebase-common:20.0.0] AndroidManifest.xml:29:13-43
274            android:exported="false"
274-->[com.google.firebase:firebase-common:20.0.0] AndroidManifest.xml:30:13-37
275            android:initOrder="100" />
275-->[com.google.firebase:firebase-common:20.0.0] AndroidManifest.xml:31:13-36
276
277        <meta-data
277-->[com.google.android.gms:play-services-basement:17.1.0] AndroidManifest.xml:23:9-25:69
278            android:name="com.google.android.gms.version"
278-->[com.google.android.gms:play-services-basement:17.1.0] AndroidManifest.xml:24:13-58
279            android:value="@integer/google_play_services_version" />
279-->[com.google.android.gms:play-services-basement:17.1.0] AndroidManifest.xml:25:13-66
280
281        <provider
281-->[androidx.lifecycle:lifecycle-process:2.2.0] AndroidManifest.xml:25:9-29:43
282            android:name="androidx.lifecycle.ProcessLifecycleOwnerInitializer"
282-->[androidx.lifecycle:lifecycle-process:2.2.0] AndroidManifest.xml:26:13-79
283            android:authorities="com.example.social_app.lifecycle-process"
283-->[androidx.lifecycle:lifecycle-process:2.2.0] AndroidManifest.xml:27:13-69
284            android:exported="false"
284-->[androidx.lifecycle:lifecycle-process:2.2.0] AndroidManifest.xml:28:13-37
285            android:multiprocess="true" />
285-->[androidx.lifecycle:lifecycle-process:2.2.0] AndroidManifest.xml:29:13-40
286
287        <service
287-->[com.google.android.datatransport:transport-backend-cct:3.0.0] AndroidManifest.xml:29:9-35:19
288            android:name="com.google.android.datatransport.runtime.backends.TransportBackendDiscovery"
288-->[com.google.android.datatransport:transport-backend-cct:3.0.0] AndroidManifest.xml:30:13-103
289            android:exported="false" >
289-->[com.google.android.datatransport:transport-backend-cct:3.0.0] AndroidManifest.xml:31:13-37
290            <meta-data
290-->[com.google.android.datatransport:transport-backend-cct:3.0.0] AndroidManifest.xml:32:13-34:39
291                android:name="backend:com.google.android.datatransport.cct.CctBackendFactory"
291-->[com.google.android.datatransport:transport-backend-cct:3.0.0] AndroidManifest.xml:33:17-94
292                android:value="cct" />